<?xml version="1.0" encoding="UTF-8"?>
<!-- Generated by org.testng.reporters.JUnitReportReporter -->
<testsuite hostname="Lenovo-PC" name="com.flipkart.businessscripts.Electronics" tests="1" failures="0" timestamp="11 Jul 2020 03:13:46 GMT" time="17.456" errors="0">
  <testcase name="addMIMobiles" time="17.456" classname="com.flipkart.businessscripts.Electronics"/>
</testsuite> <!-- com.flipkart.businessscripts.Electronics -->
